AH00558: apache2: Could not reliably determine the server's fully qualified domain name, using 172.18.0.4. Set the 'ServerName' directive globally to suppress this message
[Mon May 15 14:41:30.549300 2023] [mpm_prefork:notice] [pid 1] AH00163: Apache/2.4.38 (Debian) PHP/8.0.19 OpenSSL/1.1.1n configured -- resuming normal operations
[Mon May 15 14:41:30.549587 2023] [core:notice] [pid 1] AH00094: Command line: 'apache2 -D FOREGROUND'
[Mon May 15 14:43:22.109593 2023] [mpm_prefork:notice] [pid 1] AH00170: caught SIGWINCH, shutting down gracefully
AH00558: apache2: Could not reliably determine the server's fully qualified domain name, using 172.19.0.6. Set the 'ServerName' directive globally to suppress this message
[Mon May 15 14:44:43.845103 2023] [mpm_prefork:notice] [pid 1] AH00163: Apache/2.4.38 (Debian) PHP/8.0.19 OpenSSL/1.1.1n configured -- resuming normal operations
[Mon May 15 14:44:43.845550 2023] [core:notice] [pid 1] AH00094: Command line: 'apache2 -D FOREGROUND'
[Mon May 15 14:57:29.848118 2023] [mpm_prefork:notice] [pid 1] AH00170: caught SIGWINCH, shutting down gracefully
AH00558: apache2: Could not reliably determine the server's fully qualified domain name, using 172.19.0.6. Set the 'ServerName' directive globally to suppress this message
[Mon May 15 14:57:32.191767 2023] [mpm_prefork:notice] [pid 1] AH00163: Apache/2.4.38 (Debian) PHP/8.0.19 OpenSSL/1.1.1n configured -- resuming normal operations
[Mon May 15 14:57:32.192209 2023] [core:notice] [pid 1] AH00094: Command line: 'apache2 -D FOREGROUND'
AH00558: apache2: Could not reliably determine the server's fully qualified domain name, using 172.19.0.2. Set the 'ServerName' directive globally to suppress this message
[Mon May 15 15:12:31.800427 2023] [mpm_prefork:notice] [pid 1] AH00163: Apache/2.4.38 (Debian) PHP/8.0.19 OpenSSL/1.1.1n configured -- resuming normal operations
[Mon May 15 15:12:31.800844 2023] [core:notice] [pid 1] AH00094: Command line: 'apache2 -D FOREGROUND'
[Mon May 15 15:12:39.596770 2023] [mpm_prefork:notice] [pid 1] AH00170: caught SIGWINCH, shutting down gracefully
AH00558: apache2: Could not reliably determine the server's fully qualified domain name, using 172.18.0.6. Set the 'ServerName' directive globally to suppress this message
[Mon May 15 15:12:49.673077 2023] [mpm_prefork:notice] [pid 1] AH00163: Apache/2.4.38 (Debian) PHP/8.0.19 OpenSSL/1.1.1n configured -- resuming normal operations
[Mon May 15 15:12:49.673529 2023] [core:notice] [pid 1] AH00094: Command line: 'apache2 -D FOREGROUND'
[Mon May 15 15:14:59.303500 2023] [mpm_prefork:notice] [pid 1] AH00170: caught SIGWINCH, shutting down gracefully
AH00558: apache2: Could not reliably determine the server's fully qualified domain name, using 172.19.0.6. Set the 'ServerName' directive globally to suppress this message
[Mon May 15 15:15:56.398729 2023] [mpm_prefork:notice] [pid 1] AH00163: Apache/2.4.38 (Debian) PHP/8.0.19 OpenSSL/1.1.1n configured -- resuming normal operations
[Mon May 15 15:15:56.399139 2023] [core:notice] [pid 1] AH00094: Command line: 'apache2 -D FOREGROUND'
[Mon May 15 15:18:17.323448 2023] [mpm_prefork:notice] [pid 1] AH00170: caught SIGWINCH, shutting down gracefully
AH00558: apache2: Could not reliably determine the server's fully qualified domain name, using 172.20.0.6. Set the 'ServerName' directive globally to suppress this message
[Mon May 15 15:33:37.947772 2023] [mpm_prefork:notice] [pid 1] AH00163: Apache/2.4.38 (Debian) PHP/8.0.19 OpenSSL/1.1.1n configured -- resuming normal operations
[Mon May 15 15:33:37.948153 2023] [core:notice] [pid 1] AH00094: Command line: 'apache2 -D FOREGROUND'
[Mon May 15 15:39:20.308514 2023] [mpm_prefork:notice] [pid 1] AH00170: caught SIGWINCH, shutting down gracefully
AH00558: apache2: Could not reliably determine the server's fully qualified domain name, using 172.18.0.4. Set the 'ServerName' directive globally to suppress this message
[Mon May 15 16:44:21.477294 2023] [mpm_prefork:notice] [pid 1] AH00163: Apache/2.4.38 (Debian) PHP/8.0.19 OpenSSL/1.1.1n configured -- resuming normal operations
[Mon May 15 16:44:21.477979 2023] [core:notice] [pid 1] AH00094: Command line: 'apache2 -D FOREGROUND'
AH00558: apache2: Could not reliably determine the server's fully qualified domain name, using 172.18.0.3. Set the 'ServerName' directive globally to suppress this message
[Mon May 15 16:49:48.869199 2023] [mpm_prefork:notice] [pid 1] AH00163: Apache/2.4.38 (Debian) PHP/8.0.19 OpenSSL/1.1.1n configured -- resuming normal operations
[Mon May 15 16:49:48.869889 2023] [core:notice] [pid 1] AH00094: Command line: 'apache2 -D FOREGROUND'
[Mon May 15 16:50:25.195224 2023] [mpm_prefork:notice] [pid 1] AH00170: caught SIGWINCH, shutting down gracefully
AH00558: apache2: Could not reliably determine the server's fully qualified domain name, using 172.18.0.6. Set the 'ServerName' directive globally to suppress this message
[Mon May 15 16:50:31.338620 2023] [mpm_prefork:notice] [pid 1] AH00163: Apache/2.4.38 (Debian) PHP/8.0.19 OpenSSL/1.1.1n configured -- resuming normal operations
[Mon May 15 16:50:31.338987 2023] [core:notice] [pid 1] AH00094: Command line: 'apache2 -D FOREGROUND'
[Mon May 15 16:53:28.002096 2023] [mpm_prefork:notice] [pid 1] AH00170: caught SIGWINCH, shutting down gracefully
AH00558: apache2: Could not reliably determine the server's fully qualified domain name, using 172.19.0.6. Set the 'ServerName' directive globally to suppress this message
[Mon May 15 17:08:15.417134 2023] [mpm_prefork:notice] [pid 1] AH00163: Apache/2.4.38 (Debian) PHP/8.0.19 OpenSSL/1.1.1n configured -- resuming normal operations
[Mon May 15 17:08:15.417526 2023] [core:notice] [pid 1] AH00094: Command line: 'apache2 -D FOREGROUND'
[Mon May 15 17:13:01.372636 2023] [mpm_prefork:notice] [pid 1] AH00170: caught SIGWINCH, shutting down gracefully
AH00558: apache2: Could not reliably determine the server's fully qualified domain name, using 172.20.0.5. Set the 'ServerName' directive globally to suppress this message
[Mon May 15 17:13:07.778267 2023] [mpm_prefork:notice] [pid 1] AH00163: Apache/2.4.38 (Debian) PHP/8.0.19 OpenSSL/1.1.1n configured -- resuming normal operations
[Mon May 15 17:13:07.778630 2023] [core:notice] [pid 1] AH00094: Command line: 'apache2 -D FOREGROUND'
[Mon May 15 17:16:29.804494 2023] [mpm_prefork:notice] [pid 1] AH00170: caught SIGWINCH, shutting down gracefully
AH00558: apache2: Could not reliably determine the server's fully qualified domain name, using 172.18.0.6. Set the 'ServerName' directive globally to suppress this message
[Tue May 16 08:55:03.405882 2023] [mpm_prefork:notice] [pid 1] AH00163: Apache/2.4.38 (Debian) PHP/8.0.19 OpenSSL/1.1.1n configured -- resuming normal operations
[Tue May 16 08:55:03.406484 2023] [core:notice] [pid 1] AH00094: Command line: 'apache2 -D FOREGROUND'
[Tue May 16 08:59:04.064345 2023] [mpm_prefork:notice] [pid 1] AH00170: caught SIGWINCH, shutting down gracefully
AH00558: apache2: Could not reliably determine the server's fully qualified domain name, using 172.19.0.6. Set the 'ServerName' directive globally to suppress this message
[Tue May 16 08:59:32.449467 2023] [mpm_prefork:notice] [pid 1] AH00163: Apache/2.4.38 (Debian) PHP/8.0.19 OpenSSL/1.1.1n configured -- resuming normal operations
[Tue May 16 08:59:32.450244 2023] [core:notice] [pid 1] AH00094: Command line: 'apache2 -D FOREGROUND'
[Tue May 16 09:28:39.017561 2023] [mpm_prefork:notice] [pid 1] AH00170: caught SIGWINCH, shutting down gracefully
AH00558: apache2: Could not reliably determine the server's fully qualified domain name, using 172.20.0.5. Set the 'ServerName' directive globally to suppress this message
[Tue May 16 09:28:57.584660 2023] [mpm_prefork:notice] [pid 1] AH00163: Apache/2.4.38 (Debian) PHP/8.0.19 OpenSSL/1.1.1n configured -- resuming normal operations
[Tue May 16 09:28:57.585279 2023] [core:notice] [pid 1] AH00094: Command line: 'apache2 -D FOREGROUND'
[Tue May 16 09:31:00.103755 2023] [mpm_prefork:notice] [pid 1] AH00170: caught SIGWINCH, shutting down gracefully
AH00558: apache2: Could not reliably determine the server's fully qualified domain name, using 172.21.0.4. Set the 'ServerName' directive globally to suppress this message
[Tue May 16 09:31:51.641548 2023] [mpm_prefork:notice] [pid 1] AH00163: Apache/2.4.38 (Debian) PHP/8.0.19 OpenSSL/1.1.1n configured -- resuming normal operations
[Tue May 16 09:31:51.641983 2023] [core:notice] [pid 1] AH00094: Command line: 'apache2 -D FOREGROUND'
[Tue May 16 09:34:14.053927 2023] [mpm_prefork:notice] [pid 1] AH00170: caught SIGWINCH, shutting down gracefully
AH00558: apache2: Could not reliably determine the server's fully qualified domain name, using 172.18.0.6. Set the 'ServerName' directive globally to suppress this message
[Tue May 16 13:35:29.306802 2023] [mpm_prefork:notice] [pid 1] AH00163: Apache/2.4.38 (Debian) PHP/8.0.19 OpenSSL/1.1.1n configured -- resuming normal operations
[Tue May 16 13:35:29.307297 2023] [core:notice] [pid 1] AH00094: Command line: 'apache2 -D FOREGROUND'
[Tue May 16 13:47:51.502795 2023] [mpm_prefork:notice] [pid 1] AH00170: caught SIGWINCH, shutting down gracefully
AH00558: apache2: Could not reliably determine the server's fully qualified domain name, using 172.18.0.4. Set the 'ServerName' directive globally to suppress this message
[Tue May 16 19:59:43.818575 2023] [mpm_prefork:notice] [pid 1] AH00163: Apache/2.4.38 (Debian) PHP/8.1.19 OpenSSL/1.1.1n configured -- resuming normal operations
[Tue May 16 19:59:43.819406 2023] [core:notice] [pid 1] AH00094: Command line: 'apache2 -D FOREGROUND'
[Tue May 16 20:00:44.751672 2023] [mpm_prefork:notice] [pid 1] AH00170: caught SIGWINCH, shutting down gracefully
AH00558: apache2: Could not reliably determine the server's fully qualified domain name, using 172.19.0.4. Set the 'ServerName' directive globally to suppress this message
[Tue May 16 20:01:32.213577 2023] [mpm_prefork:notice] [pid 1] AH00163: Apache/2.4.38 (Debian) PHP/8.1.19 OpenSSL/1.1.1n configured -- resuming normal operations
[Tue May 16 20:01:32.214242 2023] [core:notice] [pid 1] AH00094: Command line: 'apache2 -D FOREGROUND'
[Tue May 16 20:13:02.549401 2023] [mpm_prefork:notice] [pid 1] AH00170: caught SIGWINCH, shutting down gracefully
AH00558: apache2: Could not reliably determine the server's fully qualified domain name, using 172.20.0.2. Set the 'ServerName' directive globally to suppress this message
[Tue May 16 20:14:09.099832 2023] [mpm_prefork:notice] [pid 1] AH00163: Apache/2.4.38 (Debian) PHP/8.1.19 OpenSSL/1.1.1n configured -- resuming normal operations
[Tue May 16 20:14:09.100117 2023] [core:notice] [pid 1] AH00094: Command line: 'apache2 -D FOREGROUND'
AH00558: apache2: Could not reliably determine the server's fully qualified domain name, using 172.20.0.2. Set the 'ServerName' directive globally to suppress this message
[Tue May 16 20:33:10.073469 2023] [mpm_prefork:notice] [pid 1] AH00163: Apache/2.4.38 (Debian) PHP/8.1.19 OpenSSL/1.1.1n configured -- resuming normal operations
[Tue May 16 20:33:10.073840 2023] [core:notice] [pid 1] AH00094: Command line: 'apache2 -D FOREGROUND'
[Tue May 16 20:34:16.666352 2023] [mpm_prefork:notice] [pid 1] AH00170: caught SIGWINCH, shutting down gracefully
AH00558: apache2: Could not reliably determine the server's fully qualified domain name, using 172.18.0.4. Set the 'ServerName' directive globally to suppress this message
[Tue May 16 20:34:45.028271 2023] [mpm_prefork:notice] [pid 1] AH00163: Apache/2.4.38 (Debian) PHP/8.1.19 OpenSSL/1.1.1n configured -- resuming normal operations
[Tue May 16 20:34:45.028601 2023] [core:notice] [pid 1] AH00094: Command line: 'apache2 -D FOREGROUND'
[Tue May 16 20:36:12.381050 2023] [mpm_prefork:notice] [pid 1] AH00170: caught SIGWINCH, shutting down gracefully
AH00558: apache2: Could not reliably determine the server's fully qualified domain name, using 172.19.0.4. Set the 'ServerName' directive globally to suppress this message
[Tue May 16 20:36:47.871842 2023] [mpm_prefork:notice] [pid 1] AH00163: Apache/2.4.38 (Debian) PHP/8.1.19 OpenSSL/1.1.1n configured -- resuming normal operations
[Tue May 16 20:36:47.872318 2023] [core:notice] [pid 1] AH00094: Command line: 'apache2 -D FOREGROUND'
[Tue May 16 20:45:54.341319 2023] [mpm_prefork:notice] [pid 1] AH00170: caught SIGWINCH, shutting down gracefully
AH00558: apache2: Could not reliably determine the server's fully qualified domain name, using 172.20.0.4. Set the 'ServerName' directive globally to suppress this message
[Tue May 16 20:46:23.529416 2023] [mpm_prefork:notice] [pid 1] AH00163: Apache/2.4.38 (Debian) PHP/8.1.19 OpenSSL/1.1.1n configured -- resuming normal operations
[Tue May 16 20:46:23.529733 2023] [core:notice] [pid 1] AH00094: Command line: 'apache2 -D FOREGROUND'
[Tue May 16 20:47:15.621084 2023] [mpm_prefork:notice] [pid 1] AH00170: caught SIGWINCH, shutting down gracefully
AH00558: apache2: Could not reliably determine the server's fully qualified domain name, using 172.21.0.4. Set the 'ServerName' directive globally to suppress this message
[Tue May 16 20:48:45.153128 2023] [mpm_prefork:notice] [pid 1] AH00163: Apache/2.4.38 (Debian) PHP/8.1.19 OpenSSL/1.1.1n configured -- resuming normal operations
[Tue May 16 20:48:45.153616 2023] [core:notice] [pid 1] AH00094: Command line: 'apache2 -D FOREGROUND'
[Tue May 16 20:56:31.978260 2023] [mpm_prefork:notice] [pid 1] AH00170: caught SIGWINCH, shutting down gracefully
AH00558: apache2: Could not reliably determine the server's fully qualified domain name, using 172.22.0.4. Set the 'ServerName' directive globally to suppress this message
[Tue May 16 20:56:58.711412 2023] [mpm_prefork:notice] [pid 1] AH00163: Apache/2.4.38 (Debian) PHP/8.1.19 OpenSSL/1.1.1n configured -- resuming normal operations
[Tue May 16 20:56:58.711817 2023] [core:notice] [pid 1] AH00094: Command line: 'apache2 -D FOREGROUND'
[Tue May 16 20:57:10.475935 2023] [mpm_prefork:notice] [pid 1] AH00170: caught SIGWINCH, shutting down gracefully
AH00558: apache2: Could not reliably determine the server's fully qualified domain name, using 172.22.0.3. Set the 'ServerName' directive globally to suppress this message
[Wed May 17 09:22:36.032579 2023] [mpm_prefork:notice] [pid 1] AH00163: Apache/2.4.38 (Debian) PHP/8.1.19 OpenSSL/1.1.1n configured -- resuming normal operations
[Wed May 17 09:22:36.033191 2023] [core:notice] [pid 1] AH00094: Command line: 'apache2 -D FOREGROUND'
[Wed May 17 09:36:49.258121 2023] [mpm_prefork:notice] [pid 1] AH00170: caught SIGWINCH, shutting down gracefully
AH00558: apache2: Could not reliably determine the server's fully qualified domain name, using 172.18.0.4. Set the 'ServerName' directive globally to suppress this message
[Wed May 17 09:53:44.680418 2023] [mpm_prefork:notice] [pid 1] AH00163: Apache/2.4.38 (Debian) PHP/8.1.19 OpenSSL/1.1.1n configured -- resuming normal operations
[Wed May 17 09:53:44.680924 2023] [core:notice] [pid 1] AH00094: Command line: 'apache2 -D FOREGROUND'
[Wed May 17 09:58:28.209509 2023] [mpm_prefork:notice] [pid 1] AH00170: caught SIGWINCH, shutting down gracefully
AH00558: apache2: Could not reliably determine the server's fully qualified domain name, using 172.19.0.5. Set the 'ServerName' directive globally to suppress this message
[Wed May 17 09:59:26.466134 2023] [mpm_prefork:notice] [pid 1] AH00163: Apache/2.4.38 (Debian) PHP/8.1.19 OpenSSL/1.1.1n configured -- resuming normal operations
[Wed May 17 09:59:26.466674 2023] [core:notice] [pid 1] AH00094: Command line: 'apache2 -D FOREGROUND'
[Wed May 17 10:08:03.885984 2023] [mpm_prefork:notice] [pid 1] AH00170: caught SIGWINCH, shutting down gracefully
AH00558: apache2: Could not reliably determine the server's fully qualified domain name, using 172.20.0.5. Set the 'ServerName' directive globally to suppress this message
[Wed May 17 10:37:17.712790 2023] [mpm_prefork:notice] [pid 1] AH00163: Apache/2.4.38 (Debian) PHP/8.1.19 OpenSSL/1.1.1n configured -- resuming normal operations
[Wed May 17 10:37:17.713176 2023] [core:notice] [pid 1] AH00094: Command line: 'apache2 -D FOREGROUND'
[Wed May 17 10:45:45.098500 2023] [mpm_prefork:notice] [pid 1] AH00170: caught SIGWINCH, shutting down gracefully
AH00558: apache2: Could not reliably determine the server's fully qualified domain name, using 172.21.0.4. Set the 'ServerName' directive globally to suppress this message
[Wed May 17 10:46:07.650396 2023] [mpm_prefork:notice] [pid 1] AH00163: Apache/2.4.38 (Debian) PHP/8.1.19 OpenSSL/1.1.1n configured -- resuming normal operations
[Wed May 17 10:46:07.650916 2023] [core:notice] [pid 1] AH00094: Command line: 'apache2 -D FOREGROUND'
[Wed May 17 10:54:03.228443 2023] [mpm_prefork:notice] [pid 1] AH00170: caught SIGWINCH, shutting down gracefully
AH00558: apache2: Could not reliably determine the server's fully qualified domain name, using 172.22.0.4. Set the 'ServerName' directive globally to suppress this message
[Wed May 17 10:55:47.612186 2023] [mpm_prefork:notice] [pid 1] AH00163: Apache/2.4.38 (Debian) PHP/8.1.19 OpenSSL/1.1.1n configured -- resuming normal operations
[Wed May 17 10:55:47.612670 2023] [core:notice] [pid 1] AH00094: Command line: 'apache2 -D FOREGROUND'
[Wed May 17 10:59:22.394174 2023] [mpm_prefork:notice] [pid 1] AH00170: caught SIGWINCH, shutting down gracefully
AH00558: apache2: Could not reliably determine the server's fully qualified domain name, using 172.18.0.4. Set the 'ServerName' directive globally to suppress this message
[Wed May 17 14:31:44.239517 2023] [mpm_prefork:notice] [pid 1] AH00163: Apache/2.4.38 (Debian) PHP/8.1.19 OpenSSL/1.1.1n configured -- resuming normal operations
[Wed May 17 14:31:44.241660 2023] [core:notice] [pid 1] AH00094: Command line: 'apache2 -D FOREGROUND'
[Wed May 17 15:10:10.391824 2023] [mpm_prefork:notice] [pid 1] AH00170: caught SIGWINCH, shutting down gracefully
AH00558: apache2: Could not reliably determine the server's fully qualified domain name, using 172.18.0.5. Set the 'ServerName' directive globally to suppress this message
[Wed May 17 15:10:40.261667 2023] [mpm_prefork:notice] [pid 1] AH00163: Apache/2.4.38 (Debian) PHP/8.1.19 OpenSSL/1.1.1n configured -- resuming normal operations
[Wed May 17 15:10:40.262004 2023] [core:notice] [pid 1] AH00094: Command line: 'apache2 -D FOREGROUND'
[Wed May 17 15:14:38.205589 2023] [mpm_prefork:notice] [pid 1] AH00170: caught SIGWINCH, shutting down gracefully
AH00558: apache2: Could not reliably determine the server's fully qualified domain name, using 172.18.0.5. Set the 'ServerName' directive globally to suppress this message
[Wed May 17 18:12:02.998141 2023] [mpm_prefork:notice] [pid 1] AH00163: Apache/2.4.38 (Debian) PHP/8.1.19 OpenSSL/1.1.1n configured -- resuming normal operations
[Wed May 17 18:12:02.998624 2023] [core:notice] [pid 1] AH00094: Command line: 'apache2 -D FOREGROUND'
[Wed May 17 18:38:11.978478 2023] [mpm_prefork:notice] [pid 1] AH00170: caught SIGWINCH, shutting down gracefully
AH00558: apache2: Could not reliably determine the server's fully qualified domain name, using 172.18.0.6. Set the 'ServerName' directive globally to suppress this message
[Wed May 17 19:02:03.765714 2023] [mpm_prefork:notice] [pid 1] AH00163: Apache/2.4.38 (Debian) PHP/8.1.19 OpenSSL/1.1.1n configured -- resuming normal operations
[Wed May 17 19:02:03.766424 2023] [core:notice] [pid 1] AH00094: Command line: 'apache2 -D FOREGROUND'
[Wed May 17 19:14:33.261252 2023] [mpm_prefork:notice] [pid 1] AH00170: caught SIGWINCH, shutting down gracefully
AH00558: apache2: Could not reliably determine the server's fully qualified domain name, using 172.20.0.7. Set the 'ServerName' directive globally to suppress this message
[Wed May 17 19:28:50.647353 2023] [mpm_prefork:notice] [pid 1] AH00163: Apache/2.4.38 (Debian) PHP/8.1.19 OpenSSL/1.1.1n configured -- resuming normal operations
[Wed May 17 19:28:50.648606 2023] [core:notice] [pid 1] AH00094: Command line: 'apache2 -D FOREGROUND'
[Wed May 17 19:30:49.450113 2023] [mpm_prefork:notice] [pid 1] AH00170: caught SIGWINCH, shutting down gracefully
AH00558: apache2: Could not reliably determine the server's fully qualified domain name, using 172.21.0.5. Set the 'ServerName' directive globally to suppress this message
[Wed May 17 20:31:53.252617 2023] [mpm_prefork:notice] [pid 1] AH00163: Apache/2.4.38 (Debian) PHP/8.1.19 OpenSSL/1.1.1n configured -- resuming normal operations
[Wed May 17 20:31:53.253332 2023] [core:notice] [pid 1] AH00094: Command line: 'apache2 -D FOREGROUND'
[Wed May 17 20:38:22.412611 2023] [mpm_prefork:notice] [pid 1] AH00170: caught SIGWINCH, shutting down gracefully
AH00558: apache2: Could not reliably determine the server's fully qualified domain name, using 172.22.0.8. Set the 'ServerName' directive globally to suppress this message
[Wed May 17 21:03:24.242586 2023] [mpm_prefork:notice] [pid 1] AH00163: Apache/2.4.38 (Debian) PHP/8.1.19 OpenSSL/1.1.1n configured -- resuming normal operations
[Wed May 17 21:03:24.243148 2023] [core:notice] [pid 1] AH00094: Command line: 'apache2 -D FOREGROUND'
[Wed May 17 21:08:09.488025 2023] [mpm_prefork:notice] [pid 1] AH00170: caught SIGWINCH, shutting down gracefully
AH00558: apache2: Could not reliably determine the server's fully qualified domain name, using 172.23.0.7. Set the 'ServerName' directive globally to suppress this message
[Wed May 17 21:08:28.578618 2023] [mpm_prefork:notice] [pid 1] AH00163: Apache/2.4.38 (Debian) PHP/8.1.19 OpenSSL/1.1.1n configured -- resuming normal operations
[Wed May 17 21:08:28.579298 2023] [core:notice] [pid 1] AH00094: Command line: 'apache2 -D FOREGROUND'
[Wed May 17 21:22:18.203841 2023] [mpm_prefork:notice] [pid 1] AH00170: caught SIGWINCH, shutting down gracefully
AH00558: apache2: Could not reliably determine the server's fully qualified domain name, using 172.18.0.8. Set the 'ServerName' directive globally to suppress this message
[Thu May 18 08:41:31.083210 2023] [mpm_prefork:notice] [pid 1] AH00163: Apache/2.4.38 (Debian) PHP/8.1.19 OpenSSL/1.1.1n configured -- resuming normal operations
[Thu May 18 08:41:31.084071 2023] [core:notice] [pid 1] AH00094: Command line: 'apache2 -D FOREGROUND'
[Thu May 18 08:44:18.474680 2023] [mpm_prefork:notice] [pid 1] AH00170: caught SIGWINCH, shutting down gracefully
AH00558: apache2: Could not reliably determine the server's fully qualified domain name, using 172.23.0.5. Set the 'ServerName' directive globally to suppress this message
[Thu May 18 10:42:08.468408 2023] [mpm_prefork:notice] [pid 1] AH00163: Apache/2.4.38 (Debian) PHP/8.1.19 OpenSSL/1.1.1n configured -- resuming normal operations
[Thu May 18 10:42:08.469418 2023] [core:notice] [pid 1] AH00094: Command line: 'apache2 -D FOREGROUND'
[Thu May 18 10:45:04.476402 2023] [mpm_prefork:notice] [pid 1] AH00170: caught SIGWINCH, shutting down gracefully
AH00558: apache2: Could not reliably determine the server's fully qualified domain name, using 172.18.0.6. Set the 'ServerName' directive globally to suppress this message
[Thu May 18 13:50:15.059694 2023] [mpm_prefork:notice] [pid 1] AH00163: Apache/2.4.38 (Debian) PHP/8.1.19 OpenSSL/1.1.1n configured -- resuming normal operations
[Thu May 18 13:50:15.060120 2023] [core:notice] [pid 1] AH00094: Command line: 'apache2 -D FOREGROUND'
[Thu May 18 14:06:21.423136 2023] [mpm_prefork:notice] [pid 1] AH00170: caught SIGWINCH, shutting down gracefully
AH00558: apache2: Could not reliably determine the server's fully qualified domain name, using 172.20.0.5. Set the 'ServerName' directive globally to suppress this message
[Thu May 18 14:10:04.886584 2023] [mpm_prefork:notice] [pid 1] AH00163: Apache/2.4.38 (Debian) PHP/8.1.19 OpenSSL/1.1.1n configured -- resuming normal operations
[Thu May 18 14:10:04.887067 2023] [core:notice] [pid 1] AH00094: Command line: 'apache2 -D FOREGROUND'
[Thu May 18 14:42:39.994536 2023] [mpm_prefork:notice] [pid 1] AH00170: caught SIGWINCH, shutting down gracefully
AH00558: apache2: Could not reliably determine the server's fully qualified domain name, using 172.22.0.6. Set the 'ServerName' directive globally to suppress this message
[Thu May 18 14:43:10.575322 2023] [mpm_prefork:notice] [pid 1] AH00163: Apache/2.4.38 (Debian) PHP/8.1.19 OpenSSL/1.1.1n configured -- resuming normal operations
[Thu May 18 14:43:10.575730 2023] [core:notice] [pid 1] AH00094: Command line: 'apache2 -D FOREGROUND'
[Thu May 18 15:30:00.685296 2023] [mpm_prefork:notice] [pid 1] AH00170: caught SIGWINCH, shutting down gracefully
AH00558: apache2: Could not reliably determine the server's fully qualified domain name, using 172.23.0.5. Set the 'ServerName' directive globally to suppress this message
[Thu May 18 15:32:21.507079 2023] [mpm_prefork:notice] [pid 1] AH00163: Apache/2.4.38 (Debian) PHP/8.1.19 OpenSSL/1.1.1n configured -- resuming normal operations
[Thu May 18 15:32:21.507596 2023] [core:notice] [pid 1] AH00094: Command line: 'apache2 -D FOREGROUND'
[Thu May 18 15:59:08.581250 2023] [mpm_prefork:notice] [pid 1] AH00170: caught SIGWINCH, shutting down gracefully
AH00558: apache2: Could not reliably determine the server's fully qualified domain name, using 172.18.0.5. Set the 'ServerName' directive globally to suppress this message
[Wed May 24 14:01:19.566302 2023] [mpm_prefork:notice] [pid 1] AH00163: Apache/2.4.38 (Debian) PHP/8.1.19 OpenSSL/1.1.1n configured -- resuming normal operations
[Wed May 24 14:01:19.566351 2023] [core:notice] [pid 1] AH00094: Command line: 'apache2 -D FOREGROUND'
[Wed May 24 14:04:19.877939 2023] [mpm_prefork:notice] [pid 1] AH00170: caught SIGWINCH, shutting down gracefully
AH00558: apache2: Could not reliably determine the server's fully qualified domain name, using 172.18.0.3. Set the 'ServerName' directive globally to suppress this message
[Wed May 24 14:04:29.020865 2023] [mpm_prefork:notice] [pid 1] AH00163: Apache/2.4.38 (Debian) PHP/8.1.19 OpenSSL/1.1.1n configured -- resuming normal operations
[Wed May 24 14:04:29.020907 2023] [core:notice] [pid 1] AH00094: Command line: 'apache2 -D FOREGROUND'
[Wed May 24 14:22:37.189987 2023] [mpm_prefork:notice] [pid 1] AH00170: caught SIGWINCH, shutting down gracefully
AH00558: apache2: Could not reliably determine the server's fully qualified domain name, using 172.18.0.4. Set the 'ServerName' directive globally to suppress this message
[Wed May 24 14:23:17.384113 2023] [mpm_prefork:notice] [pid 1] AH00163: Apache/2.4.38 (Debian) PHP/8.1.19 OpenSSL/1.1.1n configured -- resuming normal operations
[Wed May 24 14:23:17.384194 2023] [core:notice] [pid 1] AH00094: Command line: 'apache2 -D FOREGROUND'
[Wed May 24 14:37:28.441349 2023] [php:error] [pid 21] [client 192.168.141.31:45942] script '/var/www/html/4366179874111242661.php' not found or unable to stat
[Wed May 24 15:10:38.957637 2023] [mpm_prefork:error] [pid 1] AH00161: server reached MaxRequestWorkers setting, consider raising the MaxRequestWorkers setting
[Wed May 24 15:33:03.548827 2023] [authz_core:error] [pid 154] [client 192.168.141.31:49380] AH01630: client denied by server configuration: /var/www/html/.htaccess, referer: http://192.168.141.34/login.php
[Wed May 24 15:33:03.989387 2023] [php:error] [pid 154] [client 192.168.141.31:49380] script '/var/www/html/lfm.php' not found or unable to stat, referer: http://192.168.141.34/login.php
[Wed May 24 15:33:04.010168 2023] [authz_core:error] [pid 154] [client 192.168.141.31:49380] AH01630: client denied by server configuration: /var/www/html/server-status, referer: http://192.168.141.34/login.php
[Wed May 24 15:33:04.067552 2023] [php:error] [pid 154] [client 192.168.141.31:49380] script '/var/www/html/adminer.php' not found or unable to stat, referer: http://192.168.141.34/login.php
[Wed May 24 15:33:04.069882 2023] [php:error] [pid 154] [client 192.168.141.31:49380] script '/var/www/html/vb_test.php' not found or unable to stat, referer: http://192.168.141.34/login.php
[Wed May 24 15:33:04.086200 2023] [php:error] [pid 154] [client 192.168.141.31:49380] script '/var/www/html/phpinfo.php' not found or unable to stat, referer: http://192.168.141.34/login.php
[Wed May 24 15:33:04.088584 2023] [php:error] [pid 154] [client 192.168.141.31:49380] script '/var/www/html/info.php' not found or unable to stat, referer: http://192.168.141.34/login.php
[Wed May 24 15:33:04.091121 2023] [php:error] [pid 154] [client 192.168.141.31:49380] script '/var/www/html/i.php' not found or unable to stat, referer: http://192.168.141.34/login.php
[Wed May 24 15:33:04.093123 2023] [php:error] [pid 154] [client 192.168.141.31:49380] script '/var/www/html/test.php' not found or unable to stat, referer: http://192.168.141.34/login.php
[Wed May 24 18:20:47.556837 2023] [mpm_prefork:notice] [pid 1] AH00170: caught SIGWINCH, shutting down gracefully
AH00558: apache2: Could not reliably determine the server's fully qualified domain name, using 172.18.0.3. Set the 'ServerName' directive globally to suppress this message
[Thu May 25 07:56:37.135122 2023] [mpm_prefork:notice] [pid 1] AH00163: Apache/2.4.38 (Debian) PHP/8.1.19 OpenSSL/1.1.1n configured -- resuming normal operations
[Thu May 25 07:56:37.135175 2023] [core:notice] [pid 1] AH00094: Command line: 'apache2 -D FOREGROUND'
[Thu May 25 08:00:47.977493 2023] [mpm_prefork:notice] [pid 1] AH00170: caught SIGWINCH, shutting down gracefully
AH00558: apache2: Could not reliably determine the server's fully qualified domain name, using 172.18.0.4. Set the 'ServerName' directive globally to suppress this message
[Thu May 25 08:08:24.617040 2023] [mpm_prefork:notice] [pid 1] AH00163: Apache/2.4.38 (Debian) PHP/8.1.19 OpenSSL/1.1.1n configured -- resuming normal operations
[Thu May 25 08:08:24.617179 2023] [core:notice] [pid 1] AH00094: Command line: 'apache2 -D FOREGROUND'
[Thu May 25 08:45:13.091005 2023] [mpm_prefork:notice] [pid 1] AH00170: caught SIGWINCH, shutting down gracefully
AH00558: apache2: Could not reliably determine the server's fully qualified domain name, using 172.18.0.3. Set the 'ServerName' directive globally to suppress this message
[Thu May 25 09:27:18.582736 2023] [mpm_prefork:notice] [pid 1] AH00163: Apache/2.4.38 (Debian) PHP/8.1.19 OpenSSL/1.1.1n configured -- resuming normal operations
[Thu May 25 09:27:18.582779 2023] [core:notice] [pid 1] AH00094: Command line: 'apache2 -D FOREGROUND'
[Thu May 25 10:58:12.792636 2023] [mpm_prefork:notice] [pid 1] AH00170: caught SIGWINCH, shutting down gracefully
AH00558: apache2: Could not reliably determine the server's fully qualified domain name, using 172.18.0.3. Set the 'ServerName' directive globally to suppress this message
[Thu May 25 12:28:43.354822 2023] [mpm_prefork:notice] [pid 1] AH00163: Apache/2.4.38 (Debian) PHP/8.1.19 OpenSSL/1.1.1n configured -- resuming normal operations
[Thu May 25 12:28:43.354888 2023] [core:notice] [pid 1] AH00094: Command line: 'apache2 -D FOREGROUND'
[Thu May 25 12:31:10.098322 2023] [mpm_prefork:notice] [pid 1] AH00170: caught SIGWINCH, shutting down gracefully
AH00558: apache2: Could not reliably determine the server's fully qualified domain name, using 172.18.0.5. Set the 'ServerName' directive globally to suppress this message
[Thu May 25 12:31:56.263240 2023] [mpm_prefork:notice] [pid 1] AH00163: Apache/2.4.38 (Debian) PHP/8.1.19 OpenSSL/1.1.1n configured -- resuming normal operations
[Thu May 25 12:31:56.266463 2023] [core:notice] [pid 1] AH00094: Command line: 'apache2 -D FOREGROUND'
[Thu May 25 12:39:39.366700 2023] [mpm_prefork:notice] [pid 1] AH00170: caught SIGWINCH, shutting down gracefully
AH00558: apache2: Could not reliably determine the server's fully qualified domain name, using 172.18.0.3. Set the 'ServerName' directive globally to suppress this message
[Thu May 25 13:16:47.481198 2023] [mpm_prefork:notice] [pid 1] AH00163: Apache/2.4.38 (Debian) PHP/8.1.19 OpenSSL/1.1.1n configured -- resuming normal operations
[Thu May 25 13:16:47.481503 2023] [core:notice] [pid 1] AH00094: Command line: 'apache2 -D FOREGROUND'
[Thu May 25 13:19:56.068421 2023] [mpm_prefork:notice] [pid 1] AH00170: caught SIGWINCH, shutting down gracefully
AH00558: apache2: Could not reliably determine the server's fully qualified domain name, using 172.18.0.4. Set the 'ServerName' directive globally to suppress this message
[Thu May 25 13:33:03.867455 2023] [mpm_prefork:notice] [pid 1] AH00163: Apache/2.4.38 (Debian) PHP/8.1.19 OpenSSL/1.1.1n configured -- resuming normal operations
[Thu May 25 13:33:03.867577 2023] [core:notice] [pid 1] AH00094: Command line: 'apache2 -D FOREGROUND'
[Thu May 25 15:18:02.052929 2023] [php:error] [pid 20] [client 172.28.2.99:5342] script '/var/www/html/admin/assignation.php' not found or unable to stat, referer: https://172.28.1.242/seefiles.php
[Thu May 25 15:20:03.644283 2023] [php:error] [pid 19] [client 172.28.2.99:5451] script '/var/www/html/admin/index.php' not found or unable to stat, referer: https://172.28.1.242/admin/seecreds.php
[Thu May 25 15:31:22.993572 2023] [php:error] [pid 17] [client 172.28.2.99:6135] script '/var/www/html/index2.php' not found or unable to stat, referer: https://172.28.1.242/index.php
[Thu May 25 15:50:25.274510 2023] [php:error] [pid 18] [client 172.28.2.99:7270] script '/var/www/html/profile.php' not found or unable to stat, referer: https://172.28.1.242/index.php
[Thu May 25 16:33:29.100513 2023] [php:error] [pid 19] [client 172.28.2.99:9752] script '/var/www/html/filesindex2.php' not found or unable to stat, referer: https://172.28.1.242/user/profile.php
[Thu May 25 16:34:01.476463 2023] [php:error] [pid 23] [client 172.28.2.99:9770] script '/var/www/html/filesindex2.php' not found or unable to stat, referer: https://172.28.1.242/user/profile.php
[Thu May 25 16:34:58.635939 2023] [php:error] [pid 22] [client 172.28.2.99:9843] script '/var/www/html/filesindex2.php' not found or unable to stat, referer: https://172.28.1.242/user/profile.php
[Thu May 25 16:50:10.291207 2023] [autoindex:error] [pid 18] [client 172.28.2.99:10694] AH01276: Cannot serve directory /var/www/html/user/: No matching DirectoryIndex (index.php,index.html) found, and server-generated directory index forbidden by Options directive
[Thu May 25 17:13:20.472415 2023] [mpm_prefork:notice] [pid 1] AH00170: caught SIGWINCH, shutting down gracefully
AH00558: apache2: Could not reliably determine the server's fully qualified domain name, using 172.18.0.5. Set the 'ServerName' directive globally to suppress this message
[Fri May 26 13:58:59.499505 2023] [mpm_prefork:notice] [pid 1] AH00163: Apache/2.4.38 (Debian) PHP/8.1.19 OpenSSL/1.1.1n configured -- resuming normal operations
[Fri May 26 13:58:59.499638 2023] [core:notice] [pid 1] AH00094: Command line: 'apache2 -D FOREGROUND'
[Fri May 26 14:18:16.296449 2023] [php:error] [pid 19] [client 172.28.1.246:11037] script '/var/www/html/admin/seecreds.php' not found or unable to stat, referer: https://172.28.1.126/index.php
[Fri May 26 14:18:17.533573 2023] [php:error] [pid 19] [client 172.28.1.246:11037] script '/var/www/html/admin/seecreds.php' not found or unable to stat, referer: https://172.28.1.126/index.php
[Fri May 26 17:11:44.157059 2023] [mpm_prefork:notice] [pid 1] AH00170: caught SIGWINCH, shutting down gracefully
AH00558: apache2: Could not reliably determine the server's fully qualified domain name, using 172.18.0.3. Set the 'ServerName' directive globally to suppress this message
[Sat May 27 07:18:23.509024 2023] [mpm_prefork:notice] [pid 1] AH00163: Apache/2.4.38 (Debian) PHP/8.1.19 OpenSSL/1.1.1n configured -- resuming normal operations
[Sat May 27 07:18:23.509139 2023] [core:notice] [pid 1] AH00094: Command line: 'apache2 -D FOREGROUND'
[Sat May 27 09:48:59.132199 2023] [mpm_prefork:notice] [pid 1] AH00170: caught SIGWINCH, shutting down gracefully
AH00558: apache2: Could not reliably determine the server's fully qualified domain name, using 172.18.0.3. Set the 'ServerName' directive globally to suppress this message
[Sat May 27 13:59:24.059344 2023] [mpm_prefork:notice] [pid 1] AH00163: Apache/2.4.38 (Debian) PHP/8.1.19 OpenSSL/1.1.1n configured -- resuming normal operations
[Sat May 27 13:59:24.059401 2023] [core:notice] [pid 1] AH00094: Command line: 'apache2 -D FOREGROUND'
[Sat May 27 14:04:35.031526 2023] [mpm_prefork:notice] [pid 1] AH00170: caught SIGWINCH, shutting down gracefully
AH00558: apache2: Could not reliably determine the server's fully qualified domain name, using 172.18.0.3. Set the 'ServerName' directive globally to suppress this message
[Sat May 27 17:58:30.951065 2023] [mpm_prefork:notice] [pid 1] AH00163: Apache/2.4.38 (Debian) PHP/8.1.19 OpenSSL/1.1.1n configured -- resuming normal operations
[Sat May 27 17:58:30.951149 2023] [core:notice] [pid 1] AH00094: Command line: 'apache2 -D FOREGROUND'
AH00558: apache2: Could not reliably determine the server's fully qualified domain name, using 172.18.0.3. Set the 'ServerName' directive globally to suppress this message
[Sat May 27 21:07:46.309114 2023] [mpm_prefork:notice] [pid 1] AH00163: Apache/2.4.38 (Debian) PHP/8.1.19 OpenSSL/1.1.1n configured -- resuming normal operations
[Sat May 27 21:07:46.309374 2023] [core:notice] [pid 1] AH00094: Command line: 'apache2 -D FOREGROUND'
[Sat May 27 23:36:41.966468 2023] [mpm_prefork:notice] [pid 1] AH00170: caught SIGWINCH, shutting down gracefully
AH00558: apache2: Could not reliably determine the server's fully qualified domain name, using 172.18.0.3. Set the 'ServerName' directive globally to suppress this message
[Sun May 28 08:06:54.474669 2023] [mpm_prefork:notice] [pid 1] AH00163: Apache/2.4.38 (Debian) PHP/8.1.19 OpenSSL/1.1.1n configured -- resuming normal operations
[Sun May 28 08:06:54.474821 2023] [core:notice] [pid 1] AH00094: Command line: 'apache2 -D FOREGROUND'
[Sun May 28 12:17:49.118761 2023] [mpm_prefork:notice] [pid 1] AH00170: caught SIGWINCH, shutting down gracefully
AH00558: apache2: Could not reliably determine the server's fully qualified domain name, using 172.18.0.3. Set the 'ServerName' directive globally to suppress this message
[Sun May 28 15:29:23.275519 2023] [mpm_prefork:notice] [pid 1] AH00163: Apache/2.4.38 (Debian) PHP/8.1.19 OpenSSL/1.1.1n configured -- resuming normal operations
[Sun May 28 15:29:23.275572 2023] [core:notice] [pid 1] AH00094: Command line: 'apache2 -D FOREGROUND'
[Sun May 28 15:32:35.884838 2023] [autoindex:error] [pid 21] [client 192.168.1.55:18000] AH01276: Cannot serve directory /var/www/html/uploaded/: No matching DirectoryIndex (index.php,index.html) found, and server-generated directory index forbidden by Options directive
